Arguments: 
  C:\Program Files\nodejs\node.exe C:\Program Files (x86)\Yarn\bin\yarn.js add @types/microjob

PATH: 
  C:\Users\thelj\bin;C:\Program Files\Git\mingw64\bin;C:\Program Files\Git\usr\local\bin;C:\Program Files\Git\usr\bin;C:\Program Files\Git\usr\bin;C:\Program Files\Git\mingw64\bin;C:\Program Files\Git\usr\bin;C:\Users\thelj\bin;C:\Program Files (x86)\Common Files\Intel\Shared Libraries\redist\intel64\compiler;C:\ProgramData\Oracle\Java\javapath;C:\Program Files (x86)\Microsoft SDKs\Azure\CLI2\wbin;C:\Windows\system32;C:\Windows;C:\Windows\System32\Wbem;C:\Windows\System32\WindowsPowerShell\v1.0;C:\Program Files (x86)\NVIDIA Corporation\PhysX\Common;C:\Program Files\Intel\WiFi\bin;C:\Program Files\Common Files\Intel\WirelessCommon;C:\WINDOWS\system32;C:\WINDOWS;C:\WINDOWS\System32\Wbem;C:\WINDOWS\System32\WindowsPowerShell\v1.0;C:\Users\thelj\.dnx\bin;C:\Program Files\Microsoft DNX\Dnvm;C:\Program Files\Microsoft SQL Server\120\Tools\Binn;C:\Program Files\Microsoft SQL Server\130\Tools\Binn;C:\Program Files\dotnet;C:\Program Files (x86)\curl-7.5\src;C:\Program Files\java\jdk-9.0.1;C:\Users\thelj\AppData\Local\Android\sdk;C:\Program Files\Java\jdk1.8.0_131;C:\Program Files (x86)\Android\android-sdk\tools;C:\Program Files (x86)\Android\android-sdk\platform-tools;C:\WINDOWS\System32\OpenSSH;C:\ProgramData\chocolatey\bin;C:\ProgramData\chocolatey\lib\Git-TF\Tools\git-tf-2.0.3.20131219\git-tf.cmd;C:\Program Files (x86)\Yarn\bin;C:\Program Files\Git\usr\bin;C:\Program Files\Git\git-bash.exe;C:\Program Files (x86)\Microsoft SQL Server\Client SDK\ODBC\130\Tools\Binn;C:\Program Files (x86)\Microsoft SQL Server\140\Tools\Binn;C:\Program Files (x86)\Microsoft SQL Server\140\DTS\Binn;C:\Program Files (x86)\Microsoft SQL Server\140\Tools\Binn\ManagementStudio;C:\Program Files\nodejs;C:\Users\thelj\.windows-build-tools\python27;C:\Users\thelj\AppData\Roaming\npm\node_modules\npm\node_modules\npm-lifecycle\node-gyp-bin;C:\Users\thelj\AppData\Roaming\npm\node_modules\windows-build-tools\node_modules\.bin;C:\Users\thelj\AppData\Roaming\npm\node_modules\.bin;C:\Users\thelj\bin;C:\Program Files\Git\mingw64\bin;C:\Program Files\Git\usr\local\bin;C:\Program Files\Git\usr\bin;C:\Program Files\Git\usr\bin;C:\Program Files\Git\mingw64\bin;C:\Program Files\Git\usr\bin;C:\Users\thelj\bin;C:\Program Files (x86)\Common Files\Intel\Shared Libraries\redist\intel64\compiler;C:\ProgramData\Oracle\Java\javapath;C:\Program Files (x86)\Microsoft SDKs\Azure\CLI2\wbin;C:\Windows\system32;C:\Windows;C:\Windows\System32\Wbem;C:\Windows\System32\WindowsPowerShell\v1.0;C:\Program Files (x86)\NVIDIA Corporation\PhysX\Common;C:\Program Files\Intel\WiFi\bin;C:\Program Files\Common Files\Intel\WirelessCommon;C:\WINDOWS\system32;C:\WINDOWS;C:\WINDOWS\System32\Wbem;C:\WINDOWS\System32\WindowsPowerShell\v1.0;C:\Users\thelj\.dnx\bin;C:\Program Files\Microsoft DNX\Dnvm;C:\Program Files\Microsoft SQL Server\120\Tools\Binn;C:\Program Files\Microsoft SQL Server\130\Tools\Binn;C:\Program Files\dotnet;C:\Program Files (x86)\curl-7.5\src;C:\Program Files\java\jdk-9.0.1;C:\Users\thelj\AppData\Local\Android\sdk;C:\Program Files\Java\jdk1.8.0_131;C:\Program Files (x86)\Android\android-sdk\tools;C:\Program Files (x86)\Android\android-sdk\platform-tools;C:\WINDOWS\System32\OpenSSH;C:\ProgramData\chocolatey\bin;C:\ProgramData\chocolatey\lib\Git-TF\Tools\git-tf-2.0.3.20131219\git-tf.cmd;C:\Program Files (x86)\Yarn\bin;C:\Program Files\Git\usr\bin;C:\Program Files\Git\git-bash.exe;C:\Program Files (x86)\Microsoft SQL Server\Client SDK\ODBC\130\Tools\Binn;C:\Program Files (x86)\Microsoft SQL Server\140\Tools\Binn;C:\Program Files (x86)\Microsoft SQL Server\140\DTS\Binn;C:\Program Files (x86)\Microsoft SQL Server\140\Tools\Binn\ManagementStudio;C:\Program Files\nodejs;C:\Users\thelj\AppData\Local\Programs\Python\Python37-32\Scripts;C:\Users\thelj\AppData\Local\Programs\Python\Python37-32;C:\Program Files (x86)\Microsoft VS Code\bin;C:\Users\thelj\AppData\Local\Microsoft\WindowsApps;C:\tools\gittfs;C:\ProgramData\chocolatey\lib\Git-TF\Tools\git-tf-2.0.3.20131219;C:\Users\thelj\AppData\Local\Yarn\bin;C:\Users\thelj\.dotnet\tools;C:\Program Files\JetBrains\IntelliJ IDEA Community Edition 2018.3\bin;C:\Program Files\Git\usr\bin\vendor_perl;C:\Program Files\Git\usr\bin\core_perl;C:\Users\thelj\AppData\Roaming\npm;C:\Program Files\Git\usr\bin\vendor_perl;C:\Program Files\Git\usr\bin\core_perl

Yarn version: 
  1.9.4

Node version: 
  11.11.0

Platform: 
  win32 x64

Trace: 
  Error: https://registry.yarnpkg.com/@types%2fmicrojob: Not found
      at Request.params.callback [as _callback] (C:\Program Files (x86)\Yarn\lib\cli.js:64202:18)
      at Request.self.callback (C:\Program Files (x86)\Yarn\lib\cli.js:137468:22)
      at Request.emit (events.js:197:13)
      at Request.<anonymous> (C:\Program Files (x86)\Yarn\lib\cli.js:138440:10)
      at Request.emit (events.js:197:13)
      at IncomingMessage.<anonymous> (C:\Program Files (x86)\Yarn\lib\cli.js:138362:12)
      at Object.onceWrapper (events.js:285:13)
      at IncomingMessage.emit (events.js:202:15)
      at endReadableNT (_stream_readable.js:1132:12)
      at processTicksAndRejections (internal/process/next_tick.js:76:17)

npm manifest: 
  {
    "dependencies": {
      "axios": "^0.18.0",
      "http": "^0.0.0",
      "microjob": "^0.4.2"
    }
  }

yarn manifest: 
  No manifest

Lockfile: 
  # THIS IS AN AUTOGENERATED FILE. DO NOT EDIT THIS FILE DIRECTLY.
  # yarn lockfile v1
  
  
  axios@^0.18.0:
    version "0.18.0"
    resolved "https://registry.yarnpkg.com/axios/-/axios-0.18.0.tgz#32d53e4851efdc0a11993b6cd000789d70c05102"
    dependencies:
      follow-redirects "^1.3.0"
      is-buffer "^1.1.5"
  
  debug@^3.2.6:
    version "3.2.6"
    resolved "https://registry.yarnpkg.com/debug/-/debug-3.2.6.tgz#e83d17de16d8a7efb7717edbe5fb10135eee629b"
    dependencies:
      ms "^2.1.1"
  
  follow-redirects@^1.3.0:
    version "1.7.0"
    resolved "https://registry.yarnpkg.com/follow-redirects/-/follow-redirects-1.7.0.tgz#489ebc198dc0e7f64167bd23b03c4c19b5784c76"
    dependencies:
      debug "^3.2.6"
  
  http@^0.0.0:
    version "0.0.0"
    resolved "https://registry.yarnpkg.com/http/-/http-0.0.0.tgz#86e6326d29c5d039de9fac584a45689f929f4f72"
  
  is-buffer@^1.1.5:
    version "1.1.6"
    resolved "https://registry.yarnpkg.com/is-buffer/-/is-buffer-1.1.6.tgz#efaa2ea9daa0d7ab2ea13a97b2b8ad51fefbe8be"
  
  microjob@^0.4.2:
    version "0.4.2"
    resolved "https://registry.yarnpkg.com/microjob/-/microjob-0.4.2.tgz#170adae68dd631c1a3becce7e19687e5be390099"
  
  ms@^2.1.1:
    version "2.1.1"
    resolved "https://registry.yarnpkg.com/ms/-/ms-2.1.1.tgz#30a5864eb3ebb0a66f2ebe6d727af06a09d86e0a"
